<?xml version="1.0" encoding="UTF-8"?>
<!-- Generated by org.testng.reporters.JUnitXMLReporter -->
<testsuite ignored="0" hostname="DESKTOP-HTJJPCU" failures="0" tests="3" name="Test" time="19.377" errors="0" timestamp="2024-10-04T18:36:25 IST">
  <testcase classname="com.qa.testcases.CheckboxExample2" name="verifyLoginWithValidCred" time="0.023"/>
  <testcase classname="com.qa.testcases.CheckboxExample" name="verifyLoginWithValidCred" time="7.452"/>
  <testcase classname="com.qa.testcases.CheckboxExample3" name="verifyLoginWithValidCred" time="19.177"/>
</testsuite> <!-- Test -->
