<?xml version="1.0" encoding="UTF-8"?>
<testng-results ignored="0" total="1" passed="1" failed="0" skipped="0">
  <reporter-output>
  </reporter-output>
  <suite started-at="2024-10-12T12:31:05 IST" name="Default suite" finished-at="2024-10-12T12:31:05 IST" duration-ms="140">
    <groups>
    </groups>
    <test started-at="2024-10-12T12:31:05 IST" name="Default test" finished-at="2024-10-12T12:31:05 IST" duration-ms="140">
      <class name="com.qa.testcases.MergeArraysAndSort">
        <test-method signature="verifyLoginWithValidCred()[pri:0, instance:com.qa.testcases.MergeArraysAndSort@1349883]" started-at="2024-10-12T12:31:05 IST" name="verifyLoginWithValidCred" finished-at="2024-10-12T12:31:05 IST" duration-ms="12" status="PASS">
          <reporter-output>
          </reporter-output>
        </test-method> <!-- verifyLoginWithValidCred -->
      </class> <!-- com.qa.testcases.MergeArraysAndSort -->
    </test> <!-- Default test -->
  </suite> <!-- Default suite -->
</testng-results>
