<?xml version="1.0" encoding="UTF-8"?>
<testng-results ignored="0" total="3" passed="3" failed="0" skipped="0">
  <reporter-output>
  </reporter-output>
  <suite started-at="2024-10-04T18:36:06 IST" name="Suite" finished-at="2024-10-04T18:36:25 IST" duration-ms="19377">
    <groups>
    </groups>
    <test started-at="2024-10-04T18:36:06 IST" name="Test" finished-at="2024-10-04T18:36:25 IST" duration-ms="19377">
      <class name="com.qa.testcases.CheckboxExample2">
        <test-method signature="verifyLoginWithValidCred()[pri:0, instance:com.qa.testcases.CheckboxExample2@3ba987b8]" started-at="2024-10-04T18:36:06 IST" name="verifyLoginWithValidCred" finished-at="2024-10-04T18:36:06 IST" duration-ms="23" status="PASS">
          <reporter-output>
          </reporter-output>
        </test-method> <!-- verifyLoginWithValidCred -->
      </class> <!-- com.qa.testcases.CheckboxExample2 -->
      <class name="com.qa.testcases.CheckboxExample">
        <test-method signature="verifyLoginWithValidCred()[pri:0, instance:com.qa.testcases.CheckboxExample@24569dba]" started-at="2024-10-04T18:36:06 IST" name="verifyLoginWithValidCred" finished-at="2024-10-04T18:36:14 IST" duration-ms="7452" status="PASS">
          <reporter-output>
          </reporter-output>
        </test-method> <!-- verifyLoginWithValidCred -->
      </class> <!-- com.qa.testcases.CheckboxExample -->
      <class name="com.qa.testcases.CheckboxExample3">
        <test-method signature="verifyLoginWithValidCred()[pri:0, instance:com.qa.testcases.CheckboxExample3@5ddeb7cb]" started-at="2024-10-04T18:36:06 IST" name="verifyLoginWithValidCred" finished-at="2024-10-04T18:36:25 IST" duration-ms="19177" status="PASS">
          <reporter-output>
          </reporter-output>
        </test-method> <!-- verifyLoginWithValidCred -->
      </class> <!-- com.qa.testcases.CheckboxExample3 -->
    </test> <!-- Test -->
  </suite> <!-- Suite -->
</testng-results>
